TN:
SF:src/components/dashboard/AddWidgetModal.tsx
FN:26,AddWidgetModal
FN:30,(anonymous_1)
FN:31,(anonymous_2)
FN:33,(anonymous_3)
FN:34,(anonymous_4)
FN:37,(anonymous_5)
FN:57,(anonymous_6)
FN:71,(anonymous_7)
FN:76,(anonymous_8)
FN:95,(anonymous_9)
FN:98,(anonymous_10)
FNF:11
FNH:10
FNDA:16,AddWidgetModal
FNDA:49,(anonymous_1)
FNDA:49,(anonymous_2)
FNDA:1,(anonymous_3)
FNDA:1,(anonymous_4)
FNDA:0,(anonymous_5)
FNDA:32,(anonymous_6)
FNDA:80,(anonymous_7)
FNDA:1,(anonymous_8)
FNDA:128,(anonymous_9)
FNDA:1,(anonymous_10)
DA:16,1
DA:24,1
DA:27,16
DA:28,16
DA:29,16
DA:30,49
DA:31,49
DA:33,16
DA:34,1
DA:35,1
DA:37,1
DA:38,1
DA:39,1
DA:41,1
DA:51,1
DA:52,1
DA:53,1
DA:54,1
DA:57,32
DA:59,16
DA:72,80
DA:73,80
DA:76,1
DA:96,128
DA:98,1
LF:25
LH:25
BRDA:35,0,0,0
BRDA:35,0,1,1
BRDA:38,1,0,0
BRDA:38,1,1,1
BRDA:39,2,0,0
BRDA:39,2,1,1
BRDA:79,3,0,16
BRDA:79,3,1,64
BRDA:101,4,0,16
BRDA:101,4,1,112
BRF:10
BRH:7
end_of_record
TN:
SF:src/components/dashboard/AlertPanel.tsx
FN:107,getLatestValue
FN:112,formatTime
FN:127,AlertPanel
FN:145,(anonymous_3)
FN:182,(anonymous_4)
FN:188,(anonymous_5)
FN:190,(anonymous_6)
FN:209,(anonymous_7)
FN:225,(anonymous_8)
FN:237,(anonymous_9)
FN:272,(anonymous_10)
FN:286,(anonymous_11)
FN:329,(anonymous_12)
FN:336,(anonymous_13)
FN:375,(anonymous_14)
FN:378,(anonymous_15)
FN:395,(anonymous_16)
FN:415,(anonymous_17)
FN:417,(anonymous_18)
FN:435,AlertRuleModal
FN:442,(anonymous_20)
FN:450,(anonymous_21)
FN:451,(anonymous_22)
FN:471,(anonymous_23)
FN:476,(anonymous_24)
FN:481,(anonymous_25)
FN:505,(anonymous_26)
FN:516,(anonymous_27)
FN:526,(anonymous_28)
FN:532,(anonymous_29)
FN:548,(anonymous_30)
FN:559,(anonymous_31)
FNF:32
FNH:21
FNDA:5,getLatestValue
FNDA:5,formatTime
FNDA:19,AlertPanel
FNDA:15,(anonymous_3)
FNDA:15,(anonymous_4)
FNDA:2,(anonymous_5)
FNDA:2,(anonymous_6)
FNDA:5,(anonymous_7)
FNDA:1,(anonymous_8)
FNDA:6,(anonymous_9)
FNDA:0,(anonymous_10)
FNDA:1,(anonymous_11)
FNDA:5,(anonymous_12)
FNDA:1,(anonymous_13)
FNDA:76,(anonymous_14)
FNDA:24,(anonymous_15)
FNDA:2,(anonymous_16)
FNDA:0,(anonymous_17)
FNDA:0,(anonymous_18)
FNDA:19,AlertRuleModal
FNDA:0,(anonymous_20)
FNDA:0,(anonymous_21)
FNDA:0,(anonymous_22)
FNDA:0,(anonymous_23)
FNDA:38,(anonymous_24)
FNDA:38,(anonymous_25)
FNDA:0,(anonymous_26)
FNDA:0,(anonymous_27)
FNDA:57,(anonymous_28)
FNDA:0,(anonymous_29)
FNDA:19,(anonymous_30)
FNDA:0,(anonymous_31)
DA:29,1
DA:50,1
DA:55,1
DA:70,1
DA:108,5
DA:109,5
DA:113,5
DA:114,5
DA:115,5
DA:116,5
DA:118,5
DA:119,0
DA:120,0
DA:121,0
DA:122,0
DA:138,19
DA:140,19
DA:141,19
DA:145,19
DA:146,15
DA:147,5
DA:149,5
DA:150,5
DA:151,5
DA:153,5
DA:154,5
DA:155,5
DA:156,0
DA:157,0
DA:160,5
DA:161,1
DA:162,1
DA:176,5
DA:177,0
DA:182,19
DA:183,15
DA:188,19
DA:189,2
DA:191,2
DA:196,2
DA:209,19
DA:211,19
DA:225,1
DA:238,6
DA:239,6
DA:240,6
DA:242,6
DA:272,0
DA:286,1
DA:330,5
DA:331,5
DA:333,5
DA:336,1
DA:376,76
DA:377,76
DA:379,24
DA:384,76
DA:395,2
DA:415,0
DA:418,0
DA:419,0
DA:436,19
DA:437,19
DA:438,19
DA:439,19
DA:440,19
DA:442,19
DA:443,0
DA:444,0
DA:445,0
DA:446,0
DA:447,0
DA:450,19
DA:451,0
DA:452,0
DA:454,0
DA:468,0
DA:471,19
DA:472,0
DA:473,0
DA:476,38
DA:481,38
DA:482,19
DA:484,19
DA:505,0
DA:516,0
DA:527,57
DA:528,57
DA:529,57
DA:532,0
DA:548,19
DA:559,0
LF:92
LH:66
BRDA:108,0,0,0
BRDA:108,0,1,5
BRDA:108,1,0,5
BRDA:108,1,1,5
BRDA:118,2,0,5
BRDA:118,2,1,0
BRDA:119,3,0,0
BRDA:119,3,1,0
BRDA:121,4,0,0
BRDA:121,4,1,0
BRDA:147,5,0,0
BRDA:147,5,1,5
BRDA:151,6,0,0
BRDA:151,6,1,5
BRDA:154,7,0,5
BRDA:154,7,1,0
BRDA:154,8,0,5
BRDA:154,8,1,0
BRDA:156,9,0,0
BRDA:156,9,1,0
BRDA:156,10,0,0
BRDA:156,10,1,0
BRDA:160,11,0,1
BRDA:160,11,1,4
BRDA:160,12,0,5
BRDA:160,12,1,1
BRDA:176,13,0,0
BRDA:176,13,1,5
BRDA:176,14,0,5
BRDA:176,14,1,4
BRDA:191,15,0,2
BRDA:191,15,1,0
BRDA:191,15,2,0
BRDA:198,16,0,2
BRDA:198,16,1,0
BRDA:199,17,0,2
BRDA:199,17,1,0
BRDA:219,18,0,19
BRDA:219,18,1,4
BRDA:233,19,0,19
BRDA:233,19,1,6
BRDA:240,20,0,6
BRDA:240,20,1,0
BRDA:240,21,0,6
BRDA:240,21,1,0
BRDA:247,22,0,6
BRDA:247,22,1,0
BRDA:275,23,0,6
BRDA:275,23,1,0
BRDA:281,24,0,6
BRDA:281,24,1,6
BRDA:302,25,0,19
BRDA:302,25,1,5
BRDA:304,26,0,5
BRDA:304,26,1,4
BRDA:322,27,0,14
BRDA:322,27,1,5
BRDA:339,28,0,1
BRDA:339,28,1,4
BRDA:349,29,0,1
BRDA:349,29,1,4
BRDA:358,30,0,5
BRDA:358,30,1,4
BRDA:379,31,0,24
BRDA:379,31,1,6
BRDA:379,31,2,6
BRDA:399,32,0,4
BRDA:399,32,1,72
BRDA:404,33,0,4
BRDA:404,33,1,72
BRDA:452,34,0,0
BRDA:452,34,1,0
BRDA:452,35,0,0
BRDA:452,35,1,0
BRDA:462,36,0,0
BRDA:462,36,1,0
BRDA:463,37,0,0
BRDA:463,37,1,0
BRDA:463,38,0,0
BRDA:463,38,1,0
BRDA:535,39,0,19
BRDA:535,39,1,38
BRDA:549,40,0,19
BRDA:549,40,1,19
BRDA:549,41,0,19
BRDA:549,41,1,0
BRDA:549,42,0,19
BRDA:549,42,1,19
BRDA:569,43,0,19
BRDA:569,43,1,0
BRF:90
BRH:55
end_of_record
TN:
SF:src/components/dashboard/EconomicCalendar.tsx
FN:12,formatDate
FN:17,isSameDay
FN:22,ImportanceBadge
FN:34,CategoryTag
FN:46,ValueComparison
FN:72,EventDetail
FN:115,MonthlyView
FN:127,(anonymous_7)
FN:129,(anonymous_8)
FN:137,(anonymous_9)
FN:150,eventsForDay
FN:151,(anonymous_11)
FN:156,(anonymous_12)
FN:161,navigate
FN:174,(anonymous_14)
FN:183,(anonymous_15)
FN:192,(anonymous_16)
FN:204,(anonymous_17)
FN:205,(anonymous_18)
FN:214,(anonymous_19)
FN:229,(anonymous_20)
FN:257,(anonymous_21)
FN:260,(anonymous_22)
FN:263,(anonymous_23)
FN:289,ListView
FN:299,(anonymous_25)
FN:301,(anonymous_26)
FN:304,(anonymous_27)
FN:306,(anonymous_28)
FN:314,(anonymous_29)
FN:314,(anonymous_30)
FN:332,(anonymous_31)
FN:344,(anonymous_32)
FN:401,EconomicCalendar
FN:418,(anonymous_34)
FN:430,(anonymous_35)
FN:451,(anonymous_36)
FN:454,(anonymous_37)
FNF:38
FNH:30
FNDA:0,formatDate
FNDA:6138,isSameDay
FNDA:78,ImportanceBadge
FNDA:78,CategoryTag
FNDA:1,ValueComparison
FNDA:0,EventDetail
FNDA:11,MonthlyView
FNDA:9,(anonymous_7)
FNDA:162,(anonymous_8)
FNDA:10,(anonymous_9)
FNDA:341,eventsForDay
FNDA:6138,(anonymous_11)
FNDA:340,(anonymous_12)
FNDA:1,navigate
FNDA:0,(anonymous_14)
FNDA:1,(anonymous_15)
FNDA:77,(anonymous_16)
FNDA:55,(anonymous_17)
FNDA:385,(anonymous_18)
FNDA:1,(anonymous_19)
FNDA:55,(anonymous_20)
FNDA:0,(anonymous_21)
FNDA:0,(anonymous_22)
FNDA:0,(anonymous_23)
FNDA:6,ListView
FNDA:5,(anonymous_25)
FNDA:90,(anonymous_26)
FNDA:54,(anonymous_27)
FNDA:115,(anonymous_28)
FNDA:2,(anonymous_29)
FNDA:2,(anonymous_30)
FNDA:78,(anonymous_31)
FNDA:1,(anonymous_32)
FNDA:12,EconomicCalendar
FNDA:0,(anonymous_34)
FNDA:3,(anonymous_35)
FNDA:36,(anonymous_36)
FNDA:0,(anonymous_37)
DA:10,1
DA:13,0
DA:14,0
DA:18,6138
DA:19,6138
DA:23,78
DA:24,78
DA:35,78
DA:36,78
DA:47,1
DA:48,1
DA:79,0
DA:120,11
DA:121,11
DA:122,11
DA:123,11
DA:124,11
DA:126,11
DA:128,9
DA:129,162
DA:134,11
DA:135,11
DA:137,11
DA:138,10
DA:139,10
DA:140,309
DA:141,38
DA:143,10
DA:144,10
DA:145,50
DA:147,10
DA:151,6138
DA:154,11
DA:156,11
DA:157,340
DA:162,1
DA:163,1
DA:164,1
DA:165,1
DA:166,1
DA:169,11
DA:174,0
DA:183,1
DA:193,77
DA:205,55
DA:206,385
DA:207,45
DA:209,340
DA:210,340
DA:211,340
DA:215,1
DA:216,1
DA:230,55
DA:257,0
DA:261,0
DA:263,0
DA:294,6
DA:295,6
DA:297,6
DA:299,6
DA:300,5
DA:301,90
DA:303,5
DA:304,54
DA:306,115
DA:309,6
DA:314,2
DA:333,78
DA:334,78
DA:335,78
DA:345,1
DA:402,12
DA:403,12
DA:406,12
DA:418,0
DA:430,3
DA:452,36
DA:454,0
LF:78
LH:69
BRDA:19,0,0,6138
BRDA:19,0,1,6138
BRDA:19,0,2,1705
BRDA:35,1,0,78
BRDA:35,1,1,0
BRDA:47,2,0,0
BRDA:47,2,1,1
BRDA:47,3,0,1
BRDA:47,3,1,0
BRDA:47,3,2,0
BRDA:50,4,0,1
BRDA:50,4,1,1
BRDA:56,5,0,1
BRDA:56,5,1,1
BRDA:62,6,0,1
BRDA:62,6,1,1
BRDA:96,7,0,0
BRDA:96,7,1,0
BRDA:129,8,0,162
BRDA:129,8,1,0
BRDA:154,9,0,1
BRDA:154,9,1,10
BRDA:157,10,0,340
BRDA:157,10,1,10
BRDA:157,10,2,10
BRDA:206,11,0,45
BRDA:206,11,1,340
BRDA:220,12,0,1
BRDA:220,12,1,339
BRDA:223,13,0,385
BRDA:223,13,1,10
BRDA:223,13,2,10
BRDA:227,14,0,385
BRDA:227,14,1,55
BRDA:235,15,0,55
BRDA:235,15,1,0
BRDA:248,16,0,11
BRDA:248,16,1,1
BRDA:250,17,0,1
BRDA:250,17,1,0
BRDA:254,18,0,0
BRDA:254,18,1,0
BRDA:270,19,0,0
BRDA:270,19,1,0
BRDA:276,20,0,0
BRDA:276,20,1,0
BRDA:301,21,0,90
BRDA:301,21,1,0
BRDA:303,22,0,3
BRDA:303,22,1,2
BRDA:317,23,0,3
BRDA:317,23,1,3
BRDA:322,24,0,3
BRDA:322,24,1,3
BRDA:326,25,0,0
BRDA:326,25,1,6
BRDA:340,26,0,30
BRDA:340,26,1,48
BRDA:345,27,0,0
BRDA:345,27,1,1
BRDA:357,28,0,78
BRDA:357,28,1,78
BRDA:367,29,0,78
BRDA:367,29,1,0
BRDA:382,30,0,78
BRDA:382,30,1,1
BRDA:421,31,0,9
BRDA:421,31,1,3
BRDA:433,32,0,3
BRDA:433,32,1,9
BRDA:457,33,0,12
BRDA:457,33,1,24
BRDA:469,34,0,9
BRDA:469,34,1,3
BRF:74
BRH:55
end_of_record
TN:
SF:src/components/dashboard/WidgetGrid.tsx
FN:24,WidgetItem
FN:31,(anonymous_1)
FN:32,(anonymous_2)
FN:47,(anonymous_3)
FN:50,(anonymous_4)
FN:69,(anonymous_5)
FN:96,useContainerWidth
FN:98,(anonymous_7)
FN:100,(anonymous_8)
FN:107,(anonymous_9)
FN:116,useWidgetData
FN:117,(anonymous_11)
FN:143,WidgetGrid
FN:146,(anonymous_13)
FN:147,(anonymous_14)
FN:149,(anonymous_15)
FN:150,(anonymous_16)
FN:154,(anonymous_17)
FN:159,(anonymous_18)
FN:161,(anonymous_19)
FN:162,(anonymous_20)
FN:165,(anonymous_21)
FN:191,(anonymous_22)
FN:192,(anonymous_23)
FN:202,(anonymous_24)
FN:214,(anonymous_25)
FNF:26
FNH:23
FNDA:20,WidgetItem
FNDA:62,(anonymous_1)
FNDA:62,(anonymous_2)
FNDA:80,(anonymous_3)
FNDA:1,(anonymous_4)
FNDA:1,(anonymous_5)
FNDA:21,useContainerWidth
FNDA:9,(anonymous_7)
FNDA:0,(anonymous_8)
FNDA:9,(anonymous_9)
FNDA:21,useWidgetData
FNDA:11,(anonymous_11)
FNDA:21,WidgetGrid
FNDA:65,(anonymous_13)
FNDA:65,(anonymous_14)
FNDA:20,(anonymous_15)
FNDA:1,(anonymous_16)
FNDA:30,(anonymous_17)
FNDA:11,(anonymous_18)
FNDA:10,(anonymous_19)
FNDA:10,(anonymous_20)
FNDA:0,(anonymous_21)
FNDA:20,(anonymous_22)
FNDA:22,(anonymous_23)
FNDA:1,(anonymous_24)
FNDA:0,(anonymous_25)
DA:17,1
DA:31,62
DA:32,62
DA:33,20
DA:35,20
DA:48,80
DA:50,1
DA:69,1
DA:97,21
DA:98,21
DA:99,9
DA:100,9
DA:101,0
DA:102,0
DA:105,9
DA:106,9
DA:107,9
DA:109,21
DA:117,21
DA:118,11
DA:119,11
DA:120,10
DA:121,10
DA:123,11
DA:126,21
DA:127,21
DA:128,21
DA:129,21
DA:131,21
DA:138,21
DA:140,21
DA:144,21
DA:145,21
DA:146,65
DA:147,65
DA:148,21
DA:149,21
DA:150,21
DA:152,21
DA:154,30
DA:159,21
DA:161,10
DA:162,10
DA:165,21
DA:166,0
DA:169,21
DA:170,3
DA:178,18
DA:192,22
DA:193,20
DA:194,20
DA:195,20
DA:202,1
DA:214,0
LF:54
LH:50
BRDA:33,0,0,20
BRDA:33,0,1,0
BRDA:41,1,0,20
BRDA:41,1,1,0
BRDA:41,1,2,0
BRDA:53,2,0,20
BRDA:53,2,1,60
BRDA:77,3,0,0
BRDA:77,3,1,20
BRDA:79,4,0,0
BRDA:79,4,1,20
BRDA:79,5,0,20
BRDA:79,5,1,0
BRDA:99,6,0,0
BRDA:99,6,1,9
BRDA:120,7,0,10
BRDA:120,7,1,0
BRDA:121,8,0,10
BRDA:121,8,1,0
BRDA:138,9,0,21
BRDA:138,9,1,21
BRDA:138,9,2,21
BRDA:138,9,3,21
BRDA:150,10,0,1
BRDA:150,10,1,20
BRDA:169,11,0,3
BRDA:169,11,1,18
BRDA:193,12,0,20
BRDA:193,12,1,0
BRDA:208,13,0,18
BRDA:208,13,1,1
BRF:31
BRH:21
end_of_record
TN:
SF:src/components/layout/Header.tsx
FN:14,Header
FN:17,(anonymous_1)
FN:18,(anonymous_2)
FN:19,(anonymous_3)
FN:23,(anonymous_4)
FN:25,(anonymous_5)
FN:31,(anonymous_6)
FN:48,(anonymous_7)
FN:72,(anonymous_8)
FN:90,(anonymous_9)
FN:101,(anonymous_10)
FNF:11
FNH:10
FNDA:13,Header
FNDA:40,(anonymous_1)
FNDA:40,(anonymous_2)
FNDA:40,(anonymous_3)
FNDA:12,(anonymous_4)
FNDA:0,(anonymous_5)
FNDA:3,(anonymous_6)
FNDA:39,(anonymous_7)
FNDA:3,(anonymous_8)
FNDA:1,(anonymous_9)
FNDA:3,(anonymous_10)
DA:8,1
DA:15,13
DA:16,13
DA:17,40
DA:18,40
DA:19,40
DA:20,13
DA:21,13
DA:23,13
DA:24,12
DA:25,3
DA:26,0
DA:27,0
DA:30,3
DA:31,3
DA:34,13
DA:36,13
DA:49,39
DA:50,39
DA:72,3
DA:90,1
DA:102,3
LF:22
LH:20
BRDA:24,0,0,9
BRDA:24,0,1,3
BRDA:26,1,0,0
BRDA:26,1,1,0
BRDA:26,2,0,0
BRDA:26,2,1,0
BRDA:56,3,0,13
BRDA:56,3,1,26
BRDA:77,4,0,13
BRDA:77,4,1,5
BRDA:79,5,0,0
BRDA:79,5,1,5
BRDA:84,6,0,13
BRDA:84,6,1,4
BRDA:88,7,0,4
BRDA:88,7,1,2
BRDA:98,8,0,1
BRDA:98,8,1,3
BRDA:106,9,0,3
BRDA:106,9,1,2
BRDA:110,10,0,3
BRDA:110,10,1,2
BRDA:133,11,0,0
BRDA:133,11,1,13
BRF:24
BRH:18
end_of_record
TN:
SF:src/components/layout/Sidebar.tsx
FN:14,SidebarContent
FN:17,(anonymous_1)
FN:37,(anonymous_2)
FN:77,Sidebar
FN:85,(anonymous_4)
FN:102,(anonymous_5)
FN:104,(anonymous_6)
FNF:7
FNH:5
FNDA:8,SidebarContent
FNDA:24,(anonymous_1)
FNDA:24,(anonymous_2)
FNDA:7,Sidebar
FNDA:1,(anonymous_4)
FNDA:0,(anonymous_5)
FNDA:0,(anonymous_6)
DA:8,1
DA:15,8
DA:16,8
DA:17,24
DA:19,8
DA:38,24
DA:39,24
DA:78,7
DA:80,7
DA:85,1
DA:102,0
DA:104,0
LF:12
LH:10
BRDA:27,0,0,8
BRDA:27,0,1,1
BRDA:46,1,0,8
BRDA:46,1,1,16
BRDA:53,2,0,24
BRDA:53,2,1,8
BRDA:53,2,2,1
BRDA:55,3,0,0
BRDA:55,3,1,1
BRDA:69,4,0,0
BRDA:69,4,1,8
BRDA:70,5,0,0
BRDA:70,5,1,8
BRDA:100,6,0,7
BRDA:100,6,1,1
BRF:15
BRH:12
end_of_record
TN:
SF:src/components/ui/Dropdown.tsx
FN:18,Dropdown
FN:22,(anonymous_1)
FN:24,(anonymous_2)
FN:25,(anonymous_3)
FN:31,(anonymous_4)
FN:38,(anonymous_5)
FN:54,(anonymous_6)
FN:57,(anonymous_7)
FN:86,DropdownMenu
FN:90,(anonymous_9)
FN:91,(anonymous_10)
FN:97,(anonymous_11)
FN:102,(anonymous_12)
FN:110,(anonymous_13)
FN:126,DropdownMenuItem
FNF:15
FNH:14
FNDA:29,Dropdown
FNDA:64,(anonymous_1)
FNDA:17,(anonymous_2)
FNDA:1,(anonymous_3)
FNDA:17,(anonymous_4)
FNDA:5,(anonymous_5)
FNDA:13,(anonymous_6)
FNDA:3,(anonymous_7)
FNDA:7,DropdownMenu
FNDA:3,(anonymous_9)
FNDA:0,(anonymous_10)
FNDA:3,(anonymous_11)
FNDA:3,(anonymous_12)
FNDA:1,(anonymous_13)
FNDA:3,DropdownMenuItem
DA:19,29
DA:20,29
DA:22,64
DA:24,29
DA:25,17
DA:26,1
DA:27,1
DA:30,17
DA:31,17
DA:34,29
DA:38,5
DA:55,13
DA:58,3
DA:59,3
DA:87,7
DA:88,7
DA:90,7
DA:91,3
DA:92,0
DA:93,0
DA:96,3
DA:97,3
DA:100,7
DA:102,3
DA:110,1
DA:127,3
LF:26
LH:24
BRDA:18,0,0,29
BRDA:26,1,0,1
BRDA:26,1,1,0
BRDA:26,2,0,1
BRDA:26,2,1,1
BRDA:42,3,0,4
BRDA:42,3,1,25
BRDA:45,4,0,29
BRDA:45,4,1,25
BRDA:48,5,0,29
BRDA:48,5,1,5
BRDA:52,6,0,29
BRDA:52,6,1,5
BRDA:63,7,0,0
BRDA:63,7,1,13
BRDA:86,8,0,7
BRDA:92,9,0,0
BRDA:92,9,1,0
BRDA:92,10,0,0
BRDA:92,10,1,0
BRDA:103,11,0,7
BRDA:103,11,1,3
BRDA:107,12,0,0
BRDA:107,12,1,3
BRDA:132,13,0,1
BRDA:132,13,1,2
BRF:26
BRH:19
end_of_record
TN:
SF:src/components/ui/ErrorBoundary.tsx
FN:15,(anonymous_0)
FN:20,(anonymous_1)
FN:24,(anonymous_2)
FNF:3
FNH:3
FNDA:6,(anonymous_0)
FNDA:1,(anonymous_1)
FNDA:9,(anonymous_2)
DA:16,6
DA:17,6
DA:21,4
DA:25,9
DA:26,4
DA:35,5
LF:6
LH:6
BRDA:25,0,0,4
BRDA:25,0,1,5
BRDA:26,1,0,4
BRDA:26,1,1,2
BRF:4
BRH:4
end_of_record
TN:
SF:src/components/ui/Modal.tsx
FN:12,Modal
FN:15,(anonymous_1)
FN:17,(anonymous_2)
FN:22,(anonymous_3)
FN:34,(anonymous_4)
FN:57,ModalHeader
FN:78,ModalBody
FN:87,ModalFooter
FNF:8
FNH:8
FNDA:40,Modal
FNDA:35,(anonymous_1)
FNDA:1,(anonymous_2)
FNDA:15,(anonymous_3)
FNDA:9,(anonymous_4)
FNDA:20,ModalHeader
FNDA:18,ModalBody
FNDA:18,ModalFooter
DA:13,40
DA:15,40
DA:16,35
DA:17,15
DA:18,1
DA:20,15
DA:21,15
DA:22,15
DA:23,15
DA:24,15
DA:28,40
DA:30,20
DA:35,9
DA:58,20
DA:79,18
DA:88,18
LF:16
LH:16
BRDA:16,0,0,20
BRDA:16,0,1,15
BRDA:18,1,0,1
BRDA:18,1,1,0
BRDA:28,2,0,20
BRDA:28,2,1,20
BRDA:35,3,0,1
BRDA:35,3,1,8
BRDA:61,4,0,20
BRDA:61,4,1,18
BRF:10
BRH:9
end_of_record
TN:
SF:src/components/ui/Tabs.tsx
FN:11,useTabsContext
FN:25,Tabs
FN:29,(anonymous_2)
FN:46,TabsList
FN:66,TabsTrigger
FN:74,(anonymous_5)
FN:94,TabsContent
FNF:7
FNH:7
FNDA:32,useTabsContext
FNDA:8,Tabs
FNDA:2,(anonymous_2)
FNDA:6,TabsList
FNDA:16,TabsTrigger
FNDA:2,(anonymous_5)
FNDA:16,TabsContent
DA:9,1
DA:12,32
DA:13,32
DA:14,32
DA:26,8
DA:27,8
DA:29,8
DA:30,2
DA:31,2
DA:34,8
DA:47,6
DA:67,16
DA:68,16
DA:70,16
DA:74,2
DA:95,16
DA:96,16
DA:98,8
LF:18
LH:18
BRDA:13,0,0,0
BRDA:13,0,1,32
BRDA:27,1,0,8
BRDA:27,1,1,7
BRDA:30,2,0,2
BRDA:30,2,1,0
BRDA:77,3,0,8
BRDA:77,3,1,8
BRDA:96,4,0,8
BRDA:96,4,1,8
BRF:10
BRH:8
end_of_record
